[ 2014-11-03T18:49:04+08:00 ] 0.0.0.0 /
INFO: [ app_begin ] --START--
INFO: ReadHtmlCache Behavior ::run [ RunTime:0.012548s ]
INFO: [ app_begin ] --END-- [ RunTime:0.012810s ]
SQL: SHOW COLUMNS FROM `wj_category` [ RunTime:0.004445s ]
ERR: 1146:Table 'wenjuan.wj_category' doesn't exist
 [ SQL语句 ] : SHOW COLUMNS FROM `wj_category`
SQL: SELECT * FROM `wj_category` WHERE ( isverify=1 and isshow=1 ) LIMIT 5   [ RunTime:0.000572s ]
ERR: 1146:Table 'wenjuan.wj_category' doesn't exist
 [ SQL语句 ] : SELECT * FROM `wj_category` WHERE ( isverify=1 and isshow=1 ) LIMIT 5  
SQL: SHOW COLUMNS FROM `wj_huafei` [ RunTime:0.005151s ]
ERR: 1146:Table 'wenjuan.wj_huafei' doesn't exist
 [ SQL语句 ] : SHOW COLUMNS FROM `wj_huafei`
SQL: SELECT * FROM `wj_huafei` WHERE ( yys='移动' ) ORDER BY id desc  [ RunTime:0.000799s ]
ERR: 1146:Table 'wenjuan.wj_huafei' doesn't exist
 [ SQL语句 ] : SELECT * FROM `wj_huafei` WHERE ( yys='移动' ) ORDER BY id desc 
SQL: SELECT * FROM `wj_huafei` WHERE ( yys='联通' ) ORDER BY id desc  [ RunTime:0.000751s ]
ERR: 1146:Table 'wenjuan.wj_huafei' doesn't exist
 [ SQL语句 ] : SELECT * FROM `wj_huafei` WHERE ( yys='联通' ) ORDER BY id desc 
SQL: SELECT * FROM `wj_huafei` WHERE ( yys='电信' ) ORDER BY id desc  [ RunTime:0.000847s ]
ERR: 1146:Table 'wenjuan.wj_huafei' doesn't exist
 [ SQL语句 ] : SELECT * FROM `wj_huafei` WHERE ( yys='电信' ) ORDER BY id desc 
INFO: [ view_parse ] --START--
NOTIC: [8] Undefined index: username E:\wamp\www\App\Runtime\Cache\Index\35df0d61bb9b2cf03f64104eb4a2e1e8.php 第 27 行.
INFO: ParseTemplate Behavior ::run [ RunTime:0.143192s ]
INFO: [ view_parse ] --END-- [ RunTime:0.143468s ]
INFO: [ view_filter ] --START--
INFO: ContentReplace Behavior ::run [ RunTime:0.002191s ]
INFO: TokenBuild Behavior ::run [ RunTime:0.002031s ]
INFO: WriteHtmlCache Behavior ::run [ RunTime:0.001843s ]
INFO: ShowRuntime Behavior ::run [ RunTime:0.002307s ]
INFO: [ view_filter ] --END-- [ RunTime:0.009050s ]
INFO: [ view_end ] --START--
INFO: ShowPageTrace Behavior ::run [ RunTime:0.002223s ]
INFO: [ view_end ] --END-- [ RunTime:0.002494s ]

[ 2014-11-03T18:49:31+08:00 ] 0.0.0.0 /index.php/index/login
INFO: [ route_check ] --START--
INFO: CheckRoute Behavior ::run [ RunTime:0.016954s ]
INFO: [ route_check ] --END-- [ RunTime:0.017189s ]
INFO: [ app_begin ] --START--
INFO: ReadHtmlCache Behavior ::run [ RunTime:0.002192s ]
INFO: [ app_begin ] --END-- [ RunTime:0.002419s ]
INFO: [ view_parse ] --START--
INFO: ParseTemplate Behavior ::run [ RunTime:0.028861s ]
INFO: [ view_parse ] --END-- [ RunTime:0.029131s ]
INFO: [ view_filter ] --START--
INFO: ContentReplace Behavior ::run [ RunTime:0.001799s ]
INFO: TokenBuild Behavior ::run [ RunTime:0.001883s ]
INFO: WriteHtmlCache Behavior ::run [ RunTime:0.001486s ]
INFO: ShowRuntime Behavior ::run [ RunTime:0.001865s ]
INFO: [ view_filter ] --END-- [ RunTime:0.007576s ]
INFO: [ view_end ] --START--
INFO: ShowPageTrace Behavior ::run [ RunTime:0.002014s ]
INFO: [ view_end ] --END-- [ RunTime:0.002200s ]

[ 2014-11-03T18:49:32+08:00 ] 0.0.0.0 /index.php/login/verify/
INFO: [ route_check ] --START--
INFO: CheckRoute Behavior ::run [ RunTime:0.002023s ]
INFO: [ route_check ] --END-- [ RunTime:0.002312s ]
INFO: [ app_begin ] --START--
INFO: ReadHtmlCache Behavior ::run [ RunTime:0.001128s ]
INFO: [ app_begin ] --END-- [ RunTime:0.001354s ]

[ 2014-11-03T18:49:53+08:00 ] 0.0.0.0 /index.php/login/checkLogin.html
INFO: [ route_check ] --START--
INFO: CheckRoute Behavior ::run [ RunTime:0.001265s ]
INFO: [ route_check ] --END-- [ RunTime:0.001497s ]
INFO: [ app_begin ] --START--
INFO: ReadHtmlCache Behavior ::run [ RunTime:0.001020s ]
INFO: [ app_begin ] --END-- [ RunTime:0.001231s ]
SQL: SHOW COLUMNS FROM `wj_member_user` [ RunTime:0.005458s ]
SQL: SELECT * FROM `wj_member_user` WHERE ( `username` = 'wang' ) AND ( `password` = '96e79218965eb72c92a549dd5a330112' ) LIMIT 1   [ RunTime:0.000728s ]
INFO: [ view_parse ] --START--
INFO: ParseTemplate Behavior ::run [ RunTime:0.057754s ]
INFO: [ view_parse ] --END-- [ RunTime:0.057980s ]
INFO: [ view_filter ] --START--
INFO: ContentReplace Behavior ::run [ RunTime:0.000818s ]
INFO: TokenBuild Behavior ::run [ RunTime:0.001411s ]
INFO: WriteHtmlCache Behavior ::run [ RunTime:0.000810s ]
INFO: ShowRuntime Behavior ::run [ RunTime:0.000994s ]
INFO: [ view_filter ] --END-- [ RunTime:0.004589s ]
INFO: [ view_end ] --START--
INFO: ShowPageTrace Behavior ::run [ RunTime:0.001028s ]
INFO: [ view_end ] --END-- [ RunTime:0.001188s ]

[ 2014-11-03T18:49:54+08:00 ] 0.0.0.0 /index.php/index/index.html
INFO: [ route_check ] --START--
INFO: CheckRoute Behavior ::run [ RunTime:0.001577s ]
INFO: [ route_check ] --END-- [ RunTime:0.001854s ]
INFO: [ app_begin ] --START--
INFO: ReadHtmlCache Behavior ::run [ RunTime:0.001188s ]
INFO: [ app_begin ] --END-- [ RunTime:0.001415s ]
SQL: SHOW COLUMNS FROM `wj_category` [ RunTime:0.004077s ]
ERR: 1146:Table 'wenjuan.wj_category' doesn't exist
 [ SQL语句 ] : SHOW COLUMNS FROM `wj_category`
SQL: SELECT * FROM `wj_category` WHERE ( isverify=1 and isshow=1 ) LIMIT 5   [ RunTime:0.000485s ]
ERR: 1146:Table 'wenjuan.wj_category' doesn't exist
 [ SQL语句 ] : SELECT * FROM `wj_category` WHERE ( isverify=1 and isshow=1 ) LIMIT 5  
SQL: SHOW COLUMNS FROM `wj_huafei` [ RunTime:0.004746s ]
ERR: 1146:Table 'wenjuan.wj_huafei' doesn't exist
 [ SQL语句 ] : SHOW COLUMNS FROM `wj_huafei`
SQL: SELECT * FROM `wj_huafei` WHERE ( yys='移动' ) ORDER BY id desc  [ RunTime:0.000436s ]
ERR: 1146:Table 'wenjuan.wj_huafei' doesn't exist
 [ SQL语句 ] : SELECT * FROM `wj_huafei` WHERE ( yys='移动' ) ORDER BY id desc 
SQL: SELECT * FROM `wj_huafei` WHERE ( yys='联通' ) ORDER BY id desc  [ RunTime:0.000409s ]
ERR: 1146:Table 'wenjuan.wj_huafei' doesn't exist
 [ SQL语句 ] : SELECT * FROM `wj_huafei` WHERE ( yys='联通' ) ORDER BY id desc 
SQL: SELECT * FROM `wj_huafei` WHERE ( yys='电信' ) ORDER BY id desc  [ RunTime:0.000351s ]
ERR: 1146:Table 'wenjuan.wj_huafei' doesn't exist
 [ SQL语句 ] : SELECT * FROM `wj_huafei` WHERE ( yys='电信' ) ORDER BY id desc 
INFO: [ view_parse ] --START--
INFO: ParseTemplate Behavior ::run [ RunTime:0.013754s ]
INFO: [ view_parse ] --END-- [ RunTime:0.014029s ]
INFO: [ view_filter ] --START--
INFO: ContentReplace Behavior ::run [ RunTime:0.000814s ]
INFO: TokenBuild Behavior ::run [ RunTime:0.000832s ]
INFO: WriteHtmlCache Behavior ::run [ RunTime:0.000582s ]
INFO: ShowRuntime Behavior ::run [ RunTime:0.001097s ]
INFO: [ view_filter ] --END-- [ RunTime:0.003949s ]
INFO: [ view_end ] --START--
INFO: ShowPageTrace Behavior ::run [ RunTime:0.001428s ]
INFO: [ view_end ] --END-- [ RunTime:0.001728s ]

[ 2014-11-03T18:50:00+08:00 ] 0.0.0.0 /index.php/index/wj
INFO: [ route_check ] --START--
INFO: CheckRoute Behavior ::run [ RunTime:0.001240s ]
INFO: [ route_check ] --END-- [ RunTime:0.001474s ]
INFO: [ app_begin ] --START--
INFO: ReadHtmlCache Behavior ::run [ RunTime:0.000924s ]
INFO: [ app_begin ] --END-- [ RunTime:0.001114s ]
SQL: SHOW COLUMNS FROM `wj_category` [ RunTime:0.004689s ]
ERR: 1146:Table 'wenjuan.wj_category' doesn't exist
 [ SQL语句 ] : SHOW COLUMNS FROM `wj_category`
SQL: SELECT * FROM `wj_category` WHERE ( isverify=1 and isshow=1 ) LIMIT 5   [ RunTime:0.000805s ]
ERR: 1146:Table 'wenjuan.wj_category' doesn't exist
 [ SQL语句 ] : SELECT * FROM `wj_category` WHERE ( isverify=1 and isshow=1 ) LIMIT 5  
SQL: SHOW COLUMNS FROM `wj_wenjuan` [ RunTime:0.005389s ]
SQL: SELECT * FROM `wj_wenjuan` ORDER BY id desc  [ RunTime:0.000777s ]
INFO: [ view_parse ] --START--
INFO: ParseTemplate Behavior ::run [ RunTime:0.017078s ]
INFO: [ view_parse ] --END-- [ RunTime:0.017402s ]
INFO: [ view_filter ] --START--
INFO: ContentReplace Behavior ::run [ RunTime:0.000789s ]
INFO: TokenBuild Behavior ::run [ RunTime:0.001025s ]
INFO: WriteHtmlCache Behavior ::run [ RunTime:0.000526s ]
INFO: ShowRuntime Behavior ::run [ RunTime:0.001025s ]
INFO: [ view_filter ] --END-- [ RunTime:0.003936s ]
INFO: [ view_end ] --START--
INFO: ShowPageTrace Behavior ::run [ RunTime:0.001038s ]
INFO: [ view_end ] --END-- [ RunTime:0.001229s ]

[ 2014-11-03T18:53:33+08:00 ] 0.0.0.0 /index.php/member/fabu
INFO: [ route_check ] --START--
INFO: CheckRoute Behavior ::run [ RunTime:0.001656s ]
INFO: [ route_check ] --END-- [ RunTime:0.001895s ]
INFO: [ app_begin ] --START--
INFO: ReadHtmlCache Behavior ::run [ RunTime:0.001602s ]
INFO: [ app_begin ] --END-- [ RunTime:0.001841s ]
SQL: SHOW COLUMNS FROM `wj_category` [ RunTime:0.004210s ]
ERR: 1146:Table 'wenjuan.wj_category' doesn't exist
 [ SQL语句 ] : SHOW COLUMNS FROM `wj_category`
SQL: SELECT * FROM `wj_category` WHERE ( isverify=1 and isshow=1 ) LIMIT 5   [ RunTime:0.000880s ]
ERR: 1146:Table 'wenjuan.wj_category' doesn't exist
 [ SQL语句 ] : SELECT * FROM `wj_category` WHERE ( isverify=1 and isshow=1 ) LIMIT 5  
SQL: SHOW COLUMNS FROM `wj_article` [ RunTime:0.004641s ]
ERR: 1146:Table 'wenjuan.wj_article' doesn't exist
 [ SQL语句 ] : SHOW COLUMNS FROM `wj_article`
SQL: SELECT * FROM `wj_article` WHERE ( ispush=1 and islock=0 ) ORDER BY rand() LIMIT 5   [ RunTime:0.000914s ]
ERR: 1146:Table 'wenjuan.wj_article' doesn't exist
 [ SQL语句 ] : SELECT * FROM `wj_article` WHERE ( ispush=1 and islock=0 ) ORDER BY rand() LIMIT 5  
INFO: [ view_parse ] --START--
INFO: ParseTemplate Behavior ::run [ RunTime:0.046571s ]
INFO: [ view_parse ] --END-- [ RunTime:0.046780s ]
INFO: [ view_filter ] --START--
INFO: ContentReplace Behavior ::run [ RunTime:0.001040s ]
INFO: TokenBuild Behavior ::run [ RunTime:0.001084s ]
INFO: WriteHtmlCache Behavior ::run [ RunTime:0.000862s ]
INFO: ShowRuntime Behavior ::run [ RunTime:0.001471s ]
INFO: [ view_filter ] --END-- [ RunTime:0.004980s ]
INFO: [ view_end ] --START--
INFO: ShowPageTrace Behavior ::run [ RunTime:0.001343s ]
INFO: [ view_end ] --END-- [ RunTime:0.001533s ]

[ 2014-11-03T18:53:36+08:00 ] 0.0.0.0 /index.php/index/wj
INFO: [ route_check ] --START--
INFO: CheckRoute Behavior ::run [ RunTime:0.001566s ]
INFO: [ route_check ] --END-- [ RunTime:0.001787s ]
INFO: [ app_begin ] --START--
INFO: ReadHtmlCache Behavior ::run [ RunTime:0.001875s ]
INFO: [ app_begin ] --END-- [ RunTime:0.002125s ]
SQL: SHOW COLUMNS FROM `wj_category` [ RunTime:0.004534s ]
ERR: 1146:Table 'wenjuan.wj_category' doesn't exist
 [ SQL语句 ] : SHOW COLUMNS FROM `wj_category`
SQL: SELECT * FROM `wj_category` WHERE ( isverify=1 and isshow=1 ) LIMIT 5   [ RunTime:0.000899s ]
ERR: 1146:Table 'wenjuan.wj_category' doesn't exist
 [ SQL语句 ] : SELECT * FROM `wj_category` WHERE ( isverify=1 and isshow=1 ) LIMIT 5  
SQL: SHOW COLUMNS FROM `wj_wenjuan` [ RunTime:0.005446s ]
SQL: SELECT * FROM `wj_wenjuan` ORDER BY id desc  [ RunTime:0.000780s ]
INFO: [ view_parse ] --START--
INFO: ParseTemplate Behavior ::run [ RunTime:0.020533s ]
INFO: [ view_parse ] --END-- [ RunTime:0.020823s ]
INFO: [ view_filter ] --START--
INFO: ContentReplace Behavior ::run [ RunTime:0.001324s ]
INFO: TokenBuild Behavior ::run [ RunTime:0.001187s ]
INFO: WriteHtmlCache Behavior ::run [ RunTime:0.000906s ]
INFO: ShowRuntime Behavior ::run [ RunTime:0.001212s ]
INFO: [ view_filter ] --END-- [ RunTime:0.005099s ]
INFO: [ view_end ] --START--
INFO: ShowPageTrace Behavior ::run [ RunTime:0.001446s ]
INFO: [ view_end ] --END-- [ RunTime:0.001610s ]

[ 2014-11-03T18:53:39+08:00 ] 0.0.0.0 /index.php/member/fabu
INFO: [ route_check ] --START--
INFO: CheckRoute Behavior ::run [ RunTime:0.001678s ]
INFO: [ route_check ] --END-- [ RunTime:0.001917s ]
INFO: [ app_begin ] --START--
INFO: ReadHtmlCache Behavior ::run [ RunTime:0.001874s ]
INFO: [ app_begin ] --END-- [ RunTime:0.002138s ]
SQL: SHOW COLUMNS FROM `wj_category` [ RunTime:0.004910s ]
ERR: 1146:Table 'wenjuan.wj_category' doesn't exist
 [ SQL语句 ] : SHOW COLUMNS FROM `wj_category`
SQL: SELECT * FROM `wj_category` WHERE ( isverify=1 and isshow=1 ) LIMIT 5   [ RunTime:0.000851s ]
ERR: 1146:Table 'wenjuan.wj_category' doesn't exist
 [ SQL语句 ] : SELECT * FROM `wj_category` WHERE ( isverify=1 and isshow=1 ) LIMIT 5  
SQL: SHOW COLUMNS FROM `wj_article` [ RunTime:0.004228s ]
ERR: 1146:Table 'wenjuan.wj_article' doesn't exist
 [ SQL语句 ] : SHOW COLUMNS FROM `wj_article`
SQL: SELECT * FROM `wj_article` WHERE ( ispush=1 and islock=0 ) ORDER BY rand() LIMIT 5   [ RunTime:0.000813s ]
ERR: 1146:Table 'wenjuan.wj_article' doesn't exist
 [ SQL语句 ] : SELECT * FROM `wj_article` WHERE ( ispush=1 and islock=0 ) ORDER BY rand() LIMIT 5  
INFO: [ view_parse ] --START--
INFO: ParseTemplate Behavior ::run [ RunTime:0.016649s ]
INFO: [ view_parse ] --END-- [ RunTime:0.016856s ]
INFO: [ view_filter ] --START--
INFO: ContentReplace Behavior ::run [ RunTime:0.001101s ]
INFO: TokenBuild Behavior ::run [ RunTime:0.001684s ]
INFO: WriteHtmlCache Behavior ::run [ RunTime:0.001062s ]
INFO: ShowRuntime Behavior ::run [ RunTime:0.001786s ]
INFO: [ view_filter ] --END-- [ RunTime:0.006225s ]
INFO: [ view_end ] --START--
INFO: ShowPageTrace Behavior ::run [ RunTime:0.001517s ]
INFO: [ view_end ] --END-- [ RunTime:0.001701s ]

[ 2014-11-03T18:53:45+08:00 ] 0.0.0.0 /index.php/index/wj
INFO: [ route_check ] --START--
INFO: CheckRoute Behavior ::run [ RunTime:0.001687s ]
INFO: [ route_check ] --END-- [ RunTime:0.002165s ]
INFO: [ app_begin ] --START--
INFO: ReadHtmlCache Behavior ::run [ RunTime:0.001632s ]
INFO: [ app_begin ] --END-- [ RunTime:0.001906s ]
SQL: SHOW COLUMNS FROM `wj_category` [ RunTime:0.005761s ]
ERR: 1146:Table 'wenjuan.wj_category' doesn't exist
 [ SQL语句 ] : SHOW COLUMNS FROM `wj_category`
SQL: SELECT * FROM `wj_category` WHERE ( isverify=1 and isshow=1 ) LIMIT 5   [ RunTime:0.000503s ]
ERR: 1146:Table 'wenjuan.wj_category' doesn't exist
 [ SQL语句 ] : SELECT * FROM `wj_category` WHERE ( isverify=1 and isshow=1 ) LIMIT 5  
SQL: SHOW COLUMNS FROM `wj_wenjuan` [ RunTime:0.005183s ]
SQL: SELECT * FROM `wj_wenjuan` ORDER BY id desc  [ RunTime:0.000681s ]
INFO: [ view_parse ] --START--
INFO: ParseTemplate Behavior ::run [ RunTime:0.020546s ]
INFO: [ view_parse ] --END-- [ RunTime:0.020798s ]
INFO: [ view_filter ] --START--
INFO: ContentReplace Behavior ::run [ RunTime:0.001196s ]
INFO: TokenBuild Behavior ::run [ RunTime:0.001106s ]
INFO: WriteHtmlCache Behavior ::run [ RunTime:0.000811s ]
INFO: ShowRuntime Behavior ::run [ RunTime:0.001269s ]
INFO: [ view_filter ] --END-- [ RunTime:0.004905s ]
INFO: [ view_end ] --START--
INFO: ShowPageTrace Behavior ::run [ RunTime:0.001413s ]
INFO: [ view_end ] --END-- [ RunTime:0.001597s ]

[ 2014-11-03T18:53:48+08:00 ] 0.0.0.0 /index.php/member/fabu
INFO: [ route_check ] --START--
INFO: CheckRoute Behavior ::run [ RunTime:0.001728s ]
INFO: [ route_check ] --END-- [ RunTime:0.001948s ]
INFO: [ app_begin ] --START--
INFO: ReadHtmlCache Behavior ::run [ RunTime:0.001958s ]
INFO: [ app_begin ] --END-- [ RunTime:0.002225s ]
SQL: SHOW COLUMNS FROM `wj_category` [ RunTime:0.004239s ]
ERR: 1146:Table 'wenjuan.wj_category' doesn't exist
 [ SQL语句 ] : SHOW COLUMNS FROM `wj_category`
SQL: SELECT * FROM `wj_category` WHERE ( isverify=1 and isshow=1 ) LIMIT 5   [ RunTime:0.000838s ]
ERR: 1146:Table 'wenjuan.wj_category' doesn't exist
 [ SQL语句 ] : SELECT * FROM `wj_category` WHERE ( isverify=1 and isshow=1 ) LIMIT 5  
SQL: SHOW COLUMNS FROM `wj_article` [ RunTime:0.004097s ]
ERR: 1146:Table 'wenjuan.wj_article' doesn't exist
 [ SQL语句 ] : SHOW COLUMNS FROM `wj_article`
SQL: SELECT * FROM `wj_article` WHERE ( ispush=1 and islock=0 ) ORDER BY rand() LIMIT 5   [ RunTime:0.000776s ]
ERR: 1146:Table 'wenjuan.wj_article' doesn't exist
 [ SQL语句 ] : SELECT * FROM `wj_article` WHERE ( ispush=1 and islock=0 ) ORDER BY rand() LIMIT 5  
INFO: [ view_parse ] --START--
INFO: ParseTemplate Behavior ::run [ RunTime:0.017037s ]
INFO: [ view_parse ] --END-- [ RunTime:0.017252s ]
INFO: [ view_filter ] --START--
INFO: ContentReplace Behavior ::run [ RunTime:0.001198s ]
INFO: TokenBuild Behavior ::run [ RunTime:0.001099s ]
INFO: WriteHtmlCache Behavior ::run [ RunTime:0.000910s ]
INFO: ShowRuntime Behavior ::run [ RunTime:0.001237s ]
INFO: [ view_filter ] --END-- [ RunTime:0.004916s ]
INFO: [ view_end ] --START--
INFO: ShowPageTrace Behavior ::run [ RunTime:0.001395s ]
INFO: [ view_end ] --END-- [ RunTime:0.001580s ]

[ 2014-11-03T18:53:51+08:00 ] 0.0.0.0 /index.php/member/fabu/add.html
INFO: [ route_check ] --START--
INFO: CheckRoute Behavior ::run [ RunTime:0.001602s ]
INFO: [ route_check ] --END-- [ RunTime:0.001803s ]
INFO: [ app_begin ] --START--
INFO: ReadHtmlCache Behavior ::run [ RunTime:0.001518s ]
INFO: [ app_begin ] --END-- [ RunTime:0.001762s ]
SQL: SHOW COLUMNS FROM `wj_category` [ RunTime:0.004233s ]
ERR: 1146:Table 'wenjuan.wj_category' doesn't exist
 [ SQL语句 ] : SHOW COLUMNS FROM `wj_category`
SQL: SELECT * FROM `wj_category` WHERE ( isverify=1 and isshow=1 ) LIMIT 5   [ RunTime:0.000501s ]
ERR: 1146:Table 'wenjuan.wj_category' doesn't exist
 [ SQL语句 ] : SELECT * FROM `wj_category` WHERE ( isverify=1 and isshow=1 ) LIMIT 5  
SQL: SHOW COLUMNS FROM `wj_article` [ RunTime:0.004073s ]
ERR: 1146:Table 'wenjuan.wj_article' doesn't exist
 [ SQL语句 ] : SHOW COLUMNS FROM `wj_article`
SQL: SELECT * FROM `wj_article` WHERE ( ispush=1 and islock=0 ) ORDER BY rand() LIMIT 5   [ RunTime:0.000790s ]
ERR: 1146:Table 'wenjuan.wj_article' doesn't exist
 [ SQL语句 ] : SELECT * FROM `wj_article` WHERE ( ispush=1 and islock=0 ) ORDER BY rand() LIMIT 5  
SQL: SHOW COLUMNS FROM `wj_wenjuan` [ RunTime:0.005446s ]
SQL: INSERT INTO `wj_wenjuan` (`name`,`fbr`,`fbrid`) VALUES ('111','wang',5) [ RunTime:0.119688s ]

[ 2014-11-03T18:53:53+08:00 ] 0.0.0.0 /index.php/member/fabu/second/id/23.html
INFO: [ route_check ] --START--
INFO: CheckRoute Behavior ::run [ RunTime:0.001591s ]
INFO: [ route_check ] --END-- [ RunTime:0.001833s ]
INFO: [ app_begin ] --START--
INFO: ReadHtmlCache Behavior ::run [ RunTime:0.001527s ]
INFO: [ app_begin ] --END-- [ RunTime:0.001792s ]
SQL: SHOW COLUMNS FROM `wj_category` [ RunTime:0.003965s ]
ERR: 1146:Table 'wenjuan.wj_category' doesn't exist
 [ SQL语句 ] : SHOW COLUMNS FROM `wj_category`
SQL: SELECT * FROM `wj_category` WHERE ( isverify=1 and isshow=1 ) LIMIT 5   [ RunTime:0.000524s ]
ERR: 1146:Table 'wenjuan.wj_category' doesn't exist
 [ SQL语句 ] : SELECT * FROM `wj_category` WHERE ( isverify=1 and isshow=1 ) LIMIT 5  
SQL: SHOW COLUMNS FROM `wj_article` [ RunTime:0.004234s ]
ERR: 1146:Table 'wenjuan.wj_article' doesn't exist
 [ SQL语句 ] : SHOW COLUMNS FROM `wj_article`
SQL: SELECT * FROM `wj_article` WHERE ( ispush=1 and islock=0 ) ORDER BY rand() LIMIT 5   [ RunTime:0.000527s ]
ERR: 1146:Table 'wenjuan.wj_article' doesn't exist
 [ SQL语句 ] : SELECT * FROM `wj_article` WHERE ( ispush=1 and islock=0 ) ORDER BY rand() LIMIT 5  
SQL: SHOW COLUMNS FROM `wj_wenjuan` [ RunTime:0.004931s ]
SQL: SELECT * FROM `wj_wenjuan` WHERE ( id = 23 ) LIMIT 1   [ RunTime:0.026894s ]
SQL: SELECT * FROM `wj_wenjuan` WHERE ( id=23 ) LIMIT 1   [ RunTime:0.000694s ]
SQL: SHOW COLUMNS FROM `wj_wenti` [ RunTime:0.005129s ]
SQL: SELECT * FROM `wj_wenti` WHERE ( wenjuanid=23 ) ORDER BY paixu desc  [ RunTime:0.000841s ]
INFO: [ view_parse ] --START--
NOTIC: [2] file_get_contents(./App/Modules/Member/Tpl/default/Public/footer.html) [<a href='function.file-get-contents'>function.file-get-contents</a>]: failed to open stream: No such file or directory E:\wamp\www\ThinkPHP\Lib\Template\ThinkTemplate.class.php 第 695 行.
INFO: ParseTemplate Behavior ::run [ RunTime:0.036840s ]
INFO: [ view_parse ] --END-- [ RunTime:0.037127s ]
INFO: [ view_filter ] --START--
INFO: ContentReplace Behavior ::run [ RunTime:0.001692s ]
INFO: TokenBuild Behavior ::run [ RunTime:0.001593s ]
INFO: WriteHtmlCache Behavior ::run [ RunTime:0.001190s ]
INFO: ShowRuntime Behavior ::run [ RunTime:0.001633s ]
INFO: [ view_filter ] --END-- [ RunTime:0.006855s ]
INFO: [ view_end ] --START--
INFO: ShowPageTrace Behavior ::run [ RunTime:0.001876s ]
INFO: [ view_end ] --END-- [ RunTime:0.002155s ]

[ 2014-11-03T19:04:04+08:00 ] 0.0.0.0 /
INFO: [ app_begin ] --START--
INFO: ReadHtmlCache Behavior ::run [ RunTime:0.001618s ]
INFO: [ app_begin ] --END-- [ RunTime:0.001891s ]
SQL: SHOW COLUMNS FROM `wj_category` [ RunTime:0.004255s ]
ERR: 1146:Table 'wenjuan.wj_category' doesn't exist
 [ SQL语句 ] : SHOW COLUMNS FROM `wj_category`
SQL: SELECT * FROM `wj_category` WHERE ( isverify=1 and isshow=1 ) LIMIT 5   [ RunTime:0.000732s ]
ERR: 1146:Table 'wenjuan.wj_category' doesn't exist
 [ SQL语句 ] : SELECT * FROM `wj_category` WHERE ( isverify=1 and isshow=1 ) LIMIT 5  
SQL: SHOW COLUMNS FROM `wj_huafei` [ RunTime:0.004574s ]
ERR: 1146:Table 'wenjuan.wj_huafei' doesn't exist
 [ SQL语句 ] : SHOW COLUMNS FROM `wj_huafei`
SQL: SELECT * FROM `wj_huafei` WHERE ( yys='移动' ) ORDER BY id desc  [ RunTime:0.000809s ]
ERR: 1146:Table 'wenjuan.wj_huafei' doesn't exist
 [ SQL语句 ] : SELECT * FROM `wj_huafei` WHERE ( yys='移动' ) ORDER BY id desc 
SQL: SELECT * FROM `wj_huafei` WHERE ( yys='联通' ) ORDER BY id desc  [ RunTime:0.000853s ]
ERR: 1146:Table 'wenjuan.wj_huafei' doesn't exist
 [ SQL语句 ] : SELECT * FROM `wj_huafei` WHERE ( yys='联通' ) ORDER BY id desc 
SQL: SELECT * FROM `wj_huafei` WHERE ( yys='电信' ) ORDER BY id desc  [ RunTime:0.000923s ]
ERR: 1146:Table 'wenjuan.wj_huafei' doesn't exist
 [ SQL语句 ] : SELECT * FROM `wj_huafei` WHERE ( yys='电信' ) ORDER BY id desc 
INFO: [ view_parse ] --START--
INFO: ParseTemplate Behavior ::run [ RunTime:0.016215s ]
INFO: [ view_parse ] --END-- [ RunTime:0.016429s ]
INFO: [ view_filter ] --START--
INFO: ContentReplace Behavior ::run [ RunTime:0.001091s ]
INFO: TokenBuild Behavior ::run [ RunTime:0.001495s ]
INFO: WriteHtmlCache Behavior ::run [ RunTime:0.000909s ]
INFO: ShowRuntime Behavior ::run [ RunTime:0.001205s ]
INFO: [ view_filter ] --END-- [ RunTime:0.005239s ]
INFO: [ view_end ] --START--
INFO: ShowPageTrace Behavior ::run [ RunTime:0.001423s ]
INFO: [ view_end ] --END-- [ RunTime:0.001609s ]

[ 2014-11-03T19:04:05+08:00 ] 0.0.0.0 /index.php/index/wj
INFO: [ route_check ] --START--
INFO: CheckRoute Behavior ::run [ RunTime:0.001417s ]
INFO: [ route_check ] --END-- [ RunTime:0.001659s ]
INFO: [ app_begin ] --START--
INFO: ReadHtmlCache Behavior ::run [ RunTime:0.001213s ]
INFO: [ app_begin ] --END-- [ RunTime:0.001483s ]
SQL: SHOW COLUMNS FROM `wj_category` [ RunTime:0.004351s ]
ERR: 1146:Table 'wenjuan.wj_category' doesn't exist
 [ SQL语句 ] : SHOW COLUMNS FROM `wj_category`
SQL: SELECT * FROM `wj_category` WHERE ( isverify=1 and isshow=1 ) LIMIT 5   [ RunTime:0.000503s ]
ERR: 1146:Table 'wenjuan.wj_category' doesn't exist
 [ SQL语句 ] : SELECT * FROM `wj_category` WHERE ( isverify=1 and isshow=1 ) LIMIT 5  
SQL: SHOW COLUMNS FROM `wj_wenjuan` [ RunTime:0.004960s ]
SQL: SELECT * FROM `wj_wenjuan` ORDER BY id desc  [ RunTime:0.000735s ]
INFO: [ view_parse ] --START--
INFO: ParseTemplate Behavior ::run [ RunTime:0.020057s ]
INFO: [ view_parse ] --END-- [ RunTime:0.020285s ]
INFO: [ view_filter ] --START--
INFO: ContentReplace Behavior ::run [ RunTime:0.000946s ]
INFO: TokenBuild Behavior ::run [ RunTime:0.000930s ]
INFO: WriteHtmlCache Behavior ::run [ RunTime:0.000729s ]
INFO: ShowRuntime Behavior ::run [ RunTime:0.001111s ]
INFO: [ view_filter ] --END-- [ RunTime:0.004220s ]
INFO: [ view_end ] --START--
INFO: ShowPageTrace Behavior ::run [ RunTime:0.001672s ]
INFO: [ view_end ] --END-- [ RunTime:0.001949s ]

[ 2014-11-03T19:04:06+08:00 ] 0.0.0.0 /index.php/member/fabu
INFO: [ route_check ] --START--
INFO: CheckRoute Behavior ::run [ RunTime:0.001438s ]
INFO: [ route_check ] --END-- [ RunTime:0.001694s ]
INFO: [ app_begin ] --START--
INFO: ReadHtmlCache Behavior ::run [ RunTime:0.001832s ]
INFO: [ app_begin ] --END-- [ RunTime:0.002151s ]
SQL: SHOW COLUMNS FROM `wj_category` [ RunTime:0.004109s ]
ERR: 1146:Table 'wenjuan.wj_category' doesn't exist
 [ SQL语句 ] : SHOW COLUMNS FROM `wj_category`
SQL: SELECT * FROM `wj_category` WHERE ( isverify=1 and isshow=1 ) LIMIT 5   [ RunTime:0.000522s ]
ERR: 1146:Table 'wenjuan.wj_category' doesn't exist
 [ SQL语句 ] : SELECT * FROM `wj_category` WHERE ( isverify=1 and isshow=1 ) LIMIT 5  
SQL: SHOW COLUMNS FROM `wj_article` [ RunTime:0.004353s ]
ERR: 1146:Table 'wenjuan.wj_article' doesn't exist
 [ SQL语句 ] : SHOW COLUMNS FROM `wj_article`
SQL: SELECT * FROM `wj_article` WHERE ( ispush=1 and islock=0 ) ORDER BY rand() LIMIT 5   [ RunTime:0.000829s ]
ERR: 1146:Table 'wenjuan.wj_article' doesn't exist
 [ SQL语句 ] : SELECT * FROM `wj_article` WHERE ( ispush=1 and islock=0 ) ORDER BY rand() LIMIT 5  
INFO: [ view_parse ] --START--
INFO: ParseTemplate Behavior ::run [ RunTime:0.017265s ]
INFO: [ view_parse ] --END-- [ RunTime:0.017476s ]
INFO: [ view_filter ] --START--
INFO: ContentReplace Behavior ::run [ RunTime:0.000931s ]
INFO: TokenBuild Behavior ::run [ RunTime:0.000988s ]
INFO: WriteHtmlCache Behavior ::run [ RunTime:0.000808s ]
INFO: ShowRuntime Behavior ::run [ RunTime:0.001216s ]
INFO: [ view_filter ] --END-- [ RunTime:0.004450s ]
INFO: [ view_end ] --START--
INFO: ShowPageTrace Behavior ::run [ RunTime:0.001549s ]
INFO: [ view_end ] --END-- [ RunTime:0.001771s ]

[ 2014-11-03T19:04:13+08:00 ] 0.0.0.0 /index.php/member/fabu/add.html
INFO: [ route_check ] --START--
INFO: CheckRoute Behavior ::run [ RunTime:0.001330s ]
INFO: [ route_check ] --END-- [ RunTime:0.001549s ]
INFO: [ app_begin ] --START--
INFO: ReadHtmlCache Behavior ::run [ RunTime:0.001472s ]
INFO: [ app_begin ] --END-- [ RunTime:0.001761s ]
SQL: SHOW COLUMNS FROM `wj_category` [ RunTime:0.004811s ]
ERR: 1146:Table 'wenjuan.wj_category' doesn't exist
 [ SQL语句 ] : SHOW COLUMNS FROM `wj_category`
SQL: SELECT * FROM `wj_category` WHERE ( isverify=1 and isshow=1 ) LIMIT 5   [ RunTime:0.000615s ]
ERR: 1146:Table 'wenjuan.wj_category' doesn't exist
 [ SQL语句 ] : SELECT * FROM `wj_category` WHERE ( isverify=1 and isshow=1 ) LIMIT 5  
SQL: SHOW COLUMNS FROM `wj_article` [ RunTime:0.004804s ]
ERR: 1146:Table 'wenjuan.wj_article' doesn't exist
 [ SQL语句 ] : SHOW COLUMNS FROM `wj_article`
SQL: SELECT * FROM `wj_article` WHERE ( ispush=1 and islock=0 ) ORDER BY rand() LIMIT 5   [ RunTime:0.000778s ]
ERR: 1146:Table 'wenjuan.wj_article' doesn't exist
 [ SQL语句 ] : SELECT * FROM `wj_article` WHERE ( ispush=1 and islock=0 ) ORDER BY rand() LIMIT 5  
SQL: SHOW COLUMNS FROM `wj_wenjuan` [ RunTime:0.005685s ]
SQL: INSERT INTO `wj_wenjuan` (`name`,`fbr`,`fbrid`) VALUES ('111','wang',5) [ RunTime:0.131690s ]

[ 2014-11-03T19:04:14+08:00 ] 0.0.0.0 /index.php/member/fabu/second/id/24.html
INFO: [ route_check ] --START--
INFO: CheckRoute Behavior ::run [ RunTime:0.001458s ]
INFO: [ route_check ] --END-- [ RunTime:0.001666s ]
INFO: [ app_begin ] --START--
INFO: ReadHtmlCache Behavior ::run [ RunTime:0.001328s ]
INFO: [ app_begin ] --END-- [ RunTime:0.001556s ]
SQL: SHOW COLUMNS FROM `wj_category` [ RunTime:0.004561s ]
ERR: 1146:Table 'wenjuan.wj_category' doesn't exist
 [ SQL语句 ] : SHOW COLUMNS FROM `wj_category`
SQL: SELECT * FROM `wj_category` WHERE ( isverify=1 and isshow=1 ) LIMIT 5   [ RunTime:0.000702s ]
ERR: 1146:Table 'wenjuan.wj_category' doesn't exist
 [ SQL语句 ] : SELECT * FROM `wj_category` WHERE ( isverify=1 and isshow=1 ) LIMIT 5  
SQL: SHOW COLUMNS FROM `wj_article` [ RunTime:0.004689s ]
ERR: 1146:Table 'wenjuan.wj_article' doesn't exist
 [ SQL语句 ] : SHOW COLUMNS FROM `wj_article`
SQL: SELECT * FROM `wj_article` WHERE ( ispush=1 and islock=0 ) ORDER BY rand() LIMIT 5   [ RunTime:0.000776s ]
ERR: 1146:Table 'wenjuan.wj_article' doesn't exist
 [ SQL语句 ] : SELECT * FROM `wj_article` WHERE ( ispush=1 and islock=0 ) ORDER BY rand() LIMIT 5  
SQL: SHOW COLUMNS FROM `wj_wenjuan` [ RunTime:0.006851s ]
SQL: SELECT * FROM `wj_wenjuan` WHERE ( id = 24 ) LIMIT 1   [ RunTime:0.000604s ]
SQL: SELECT * FROM `wj_wenjuan` WHERE ( id=24 ) LIMIT 1   [ RunTime:0.000420s ]
SQL: SHOW COLUMNS FROM `wj_wenti` [ RunTime:0.005904s ]
SQL: SELECT * FROM `wj_wenti` WHERE ( wenjuanid=24 ) ORDER BY paixu desc  [ RunTime:0.000692s ]
INFO: [ view_parse ] --START--
NOTIC: [2] file_get_contents(./App/Modules/Member/Tpl/default/Public/footer.html) [<a href='function.file-get-contents'>function.file-get-contents</a>]: failed to open stream: No such file or directory E:\wamp\www\ThinkPHP\Lib\Template\ThinkTemplate.class.php 第 695 行.
INFO: ParseTemplate Behavior ::run [ RunTime:0.023040s ]
INFO: [ view_parse ] --END-- [ RunTime:0.023286s ]
INFO: [ view_filter ] --START--
INFO: ContentReplace Behavior ::run [ RunTime:0.000954s ]
INFO: TokenBuild Behavior ::run [ RunTime:0.000947s ]
INFO: WriteHtmlCache Behavior ::run [ RunTime:0.000716s ]
INFO: ShowRuntime Behavior ::run [ RunTime:0.001140s ]
INFO: [ view_filter ] --END-- [ RunTime:0.004253s ]
INFO: [ view_end ] --START--
INFO: ShowPageTrace Behavior ::run [ RunTime:0.001326s ]
INFO: [ view_end ] --END-- [ RunTime:0.001509s ]

[ 2014-11-03T19:04:46+08:00 ] 0.0.0.0 /index.php/member/fabu/addwenti.html
INFO: [ route_check ] --START--
INFO: CheckRoute Behavior ::run [ RunTime:0.001427s ]
INFO: [ route_check ] --END-- [ RunTime:0.001664s ]
INFO: [ app_begin ] --START--
INFO: ReadHtmlCache Behavior ::run [ RunTime:0.001309s ]
INFO: [ app_begin ] --END-- [ RunTime:0.001535s ]
SQL: SHOW COLUMNS FROM `wj_category` [ RunTime:0.004735s ]
ERR: 1146:Table 'wenjuan.wj_category' doesn't exist
 [ SQL语句 ] : SHOW COLUMNS FROM `wj_category`
SQL: SELECT * FROM `wj_category` WHERE ( isverify=1 and isshow=1 ) LIMIT 5   [ RunTime:0.000847s ]
ERR: 1146:Table 'wenjuan.wj_category' doesn't exist
 [ SQL语句 ] : SELECT * FROM `wj_category` WHERE ( isverify=1 and isshow=1 ) LIMIT 5  
SQL: SHOW COLUMNS FROM `wj_article` [ RunTime:0.004908s ]
ERR: 1146:Table 'wenjuan.wj_article' doesn't exist
 [ SQL语句 ] : SHOW COLUMNS FROM `wj_article`
SQL: SELECT * FROM `wj_article` WHERE ( ispush=1 and islock=0 ) ORDER BY rand() LIMIT 5   [ RunTime:0.000825s ]
ERR: 1146:Table 'wenjuan.wj_article' doesn't exist
 [ SQL语句 ] : SELECT * FROM `wj_article` WHERE ( ispush=1 and islock=0 ) ORDER BY rand() LIMIT 5  
SQL: SHOW COLUMNS FROM `wj_wenti` [ RunTime:0.005531s ]
SQL: INSERT INTO `wj_wenti` (`title`,`A`,`B`,`C`,`D`,`wentifenshu`,`ans`,`paixu`,`wenjuanid`) VALUES ('我是谁','1','2','王','3',5,3,0,24) [ RunTime:0.105009s ]
INFO: [ view_parse ] --START--
INFO: ParseTemplate Behavior ::run [ RunTime:0.020814s ]
INFO: [ view_parse ] --END-- [ RunTime:0.021121s ]
INFO: [ view_filter ] --START--
INFO: ContentReplace Behavior ::run [ RunTime:0.000983s ]
INFO: TokenBuild Behavior ::run [ RunTime:0.001100s ]
INFO: WriteHtmlCache Behavior ::run [ RunTime:0.000888s ]
INFO: ShowRuntime Behavior ::run [ RunTime:0.001565s ]
INFO: [ view_filter ] --END-- [ RunTime:0.005139s ]
INFO: [ view_end ] --START--
INFO: ShowPageTrace Behavior ::run [ RunTime:0.001392s ]
INFO: [ view_end ] --END-- [ RunTime:0.001574s ]

[ 2014-11-03T19:04:47+08:00 ] 0.0.0.0 /index.php/member/fabu/second/id/24.html
INFO: [ route_check ] --START--
INFO: CheckRoute Behavior ::run [ RunTime:0.001316s ]
INFO: [ route_check ] --END-- [ RunTime:0.001558s ]
INFO: [ app_begin ] --START--
INFO: ReadHtmlCache Behavior ::run [ RunTime:0.001516s ]
INFO: [ app_begin ] --END-- [ RunTime:0.001802s ]
SQL: SHOW COLUMNS FROM `wj_category` [ RunTime:0.004735s ]
ERR: 1146:Table 'wenjuan.wj_category' doesn't exist
 [ SQL语句 ] : SHOW COLUMNS FROM `wj_category`
SQL: SELECT * FROM `wj_category` WHERE ( isverify=1 and isshow=1 ) LIMIT 5   [ RunTime:0.000528s ]
ERR: 1146:Table 'wenjuan.wj_category' doesn't exist
 [ SQL语句 ] : SELECT * FROM `wj_category` WHERE ( isverify=1 and isshow=1 ) LIMIT 5  
SQL: SHOW COLUMNS FROM `wj_article` [ RunTime:0.004510s ]
ERR: 1146:Table 'wenjuan.wj_article' doesn't exist
 [ SQL语句 ] : SHOW COLUMNS FROM `wj_article`
SQL: SELECT * FROM `wj_article` WHERE ( ispush=1 and islock=0 ) ORDER BY rand() LIMIT 5   [ RunTime:0.000814s ]
ERR: 1146:Table 'wenjuan.wj_article' doesn't exist
 [ SQL语句 ] : SELECT * FROM `wj_article` WHERE ( ispush=1 and islock=0 ) ORDER BY rand() LIMIT 5  
SQL: SHOW COLUMNS FROM `wj_wenjuan` [ RunTime:0.005021s ]
SQL: SELECT * FROM `wj_wenjuan` WHERE ( id = 24 ) LIMIT 1   [ RunTime:0.000757s ]
SQL: SELECT * FROM `wj_wenjuan` WHERE ( id=24 ) LIMIT 1   [ RunTime:0.000698s ]
SQL: SHOW COLUMNS FROM `wj_wenti` [ RunTime:0.005072s ]
SQL: SELECT * FROM `wj_wenti` WHERE ( wenjuanid=24 ) ORDER BY paixu desc  [ RunTime:0.000867s ]
INFO: [ view_parse ] --START--
NOTIC: [2] file_get_contents(./App/Modules/Member/Tpl/default/Public/footer.html) [<a href='function.file-get-contents'>function.file-get-contents</a>]: failed to open stream: No such file or directory E:\wamp\www\ThinkPHP\Lib\Template\ThinkTemplate.class.php 第 695 行.
INFO: ParseTemplate Behavior ::run [ RunTime:0.021820s ]
INFO: [ view_parse ] --END-- [ RunTime:0.022033s ]
INFO: [ view_filter ] --START--
INFO: ContentReplace Behavior ::run [ RunTime:0.001222s ]
INFO: TokenBuild Behavior ::run [ RunTime:0.001053s ]
INFO: WriteHtmlCache Behavior ::run [ RunTime:0.000611s ]
INFO: ShowRuntime Behavior ::run [ RunTime:0.001028s ]
INFO: [ view_filter ] --END-- [ RunTime:0.004433s ]
INFO: [ view_end ] --START--
INFO: ShowPageTrace Behavior ::run [ RunTime:0.001233s ]
INFO: [ view_end ] --END-- [ RunTime:0.001422s ]

[ 2014-11-03T19:05:04+08:00 ] 0.0.0.0 /
INFO: [ app_begin ] --START--
INFO: ReadHtmlCache Behavior ::run [ RunTime:0.001855s ]
INFO: [ app_begin ] --END-- [ RunTime:0.002145s ]
SQL: SHOW COLUMNS FROM `wj_category` [ RunTime:0.004433s ]
ERR: 1146:Table 'wenjuan.wj_category' doesn't exist
 [ SQL语句 ] : SHOW COLUMNS FROM `wj_category`
SQL: SELECT * FROM `wj_category` WHERE ( isverify=1 and isshow=1 ) LIMIT 5   [ RunTime:0.000708s ]
ERR: 1146:Table 'wenjuan.wj_category' doesn't exist
 [ SQL语句 ] : SELECT * FROM `wj_category` WHERE ( isverify=1 and isshow=1 ) LIMIT 5  
SQL: SHOW COLUMNS FROM `wj_huafei` [ RunTime:0.004822s ]
ERR: 1146:Table 'wenjuan.wj_huafei' doesn't exist
 [ SQL语句 ] : SHOW COLUMNS FROM `wj_huafei`
SQL: SELECT * FROM `wj_huafei` WHERE ( yys='移动' ) ORDER BY id desc  [ RunTime:0.000770s ]
ERR: 1146:Table 'wenjuan.wj_huafei' doesn't exist
 [ SQL语句 ] : SELECT * FROM `wj_huafei` WHERE ( yys='移动' ) ORDER BY id desc 
SQL: SELECT * FROM `wj_huafei` WHERE ( yys='联通' ) ORDER BY id desc  [ RunTime:0.000690s ]
ERR: 1146:Table 'wenjuan.wj_huafei' doesn't exist
 [ SQL语句 ] : SELECT * FROM `wj_huafei` WHERE ( yys='联通' ) ORDER BY id desc 
SQL: SELECT * FROM `wj_huafei` WHERE ( yys='电信' ) ORDER BY id desc  [ RunTime:0.000658s ]
ERR: 1146:Table 'wenjuan.wj_huafei' doesn't exist
 [ SQL语句 ] : SELECT * FROM `wj_huafei` WHERE ( yys='电信' ) ORDER BY id desc 
INFO: [ view_parse ] --START--
INFO: ParseTemplate Behavior ::run [ RunTime:0.015669s ]
INFO: [ view_parse ] --END-- [ RunTime:0.015893s ]
INFO: [ view_filter ] --START--
INFO: ContentReplace Behavior ::run [ RunTime:0.001003s ]
INFO: TokenBuild Behavior ::run [ RunTime:0.001092s ]
INFO: WriteHtmlCache Behavior ::run [ RunTime:0.000804s ]
INFO: ShowRuntime Behavior ::run [ RunTime:0.001116s ]
INFO: [ view_filter ] --END-- [ RunTime:0.004547s ]
INFO: [ view_end ] --START--
INFO: ShowPageTrace Behavior ::run [ RunTime:0.001139s ]
INFO: [ view_end ] --END-- [ RunTime:0.001334s ]

[ 2014-11-03T19:05:06+08:00 ] 0.0.0.0 /index.php/index/wj
INFO: [ route_check ] --START--
INFO: CheckRoute Behavior ::run [ RunTime:0.001677s ]
INFO: [ route_check ] --END-- [ RunTime:0.002077s ]
INFO: [ app_begin ] --START--
INFO: ReadHtmlCache Behavior ::run [ RunTime:0.001620s ]
INFO: [ app_begin ] --END-- [ RunTime:0.001907s ]
SQL: SHOW COLUMNS FROM `wj_category` [ RunTime:0.004396s ]
ERR: 1146:Table 'wenjuan.wj_category' doesn't exist
 [ SQL语句 ] : SHOW COLUMNS FROM `wj_category`
SQL: SELECT * FROM `wj_category` WHERE ( isverify=1 and isshow=1 ) LIMIT 5   [ RunTime:0.000661s ]
ERR: 1146:Table 'wenjuan.wj_category' doesn't exist
 [ SQL语句 ] : SELECT * FROM `wj_category` WHERE ( isverify=1 and isshow=1 ) LIMIT 5  
SQL: SHOW COLUMNS FROM `wj_wenjuan` [ RunTime:0.005036s ]
SQL: SELECT * FROM `wj_wenjuan` ORDER BY id desc  [ RunTime:0.000693s ]
INFO: [ view_parse ] --START--
INFO: ParseTemplate Behavior ::run [ RunTime:0.020551s ]
INFO: [ view_parse ] --END-- [ RunTime:0.020802s ]
INFO: [ view_filter ] --START--
INFO: ContentReplace Behavior ::run [ RunTime:0.001049s ]
INFO: TokenBuild Behavior ::run [ RunTime:0.001014s ]
INFO: WriteHtmlCache Behavior ::run [ RunTime:0.000771s ]
INFO: ShowRuntime Behavior ::run [ RunTime:0.001191s ]
INFO: [ view_filter ] --END-- [ RunTime:0.004536s ]
INFO: [ view_end ] --START--
INFO: ShowPageTrace Behavior ::run [ RunTime:0.001244s ]
INFO: [ view_end ] --END-- [ RunTime:0.001517s ]

[ 2014-11-03T19:05:24+08:00 ] 0.0.0.0 /index.php/index/Wj/detials/id/24
INFO: [ route_check ] --START--
INFO: CheckRoute Behavior ::run [ RunTime:0.001444s ]
INFO: [ route_check ] --END-- [ RunTime:0.001712s ]
INFO: [ app_begin ] --START--
INFO: ReadHtmlCache Behavior ::run [ RunTime:0.001379s ]
INFO: [ app_begin ] --END-- [ RunTime:0.001731s ]
SQL: SHOW COLUMNS FROM `wj_category` [ RunTime:0.004391s ]
ERR: 1146:Table 'wenjuan.wj_category' doesn't exist
 [ SQL语句 ] : SHOW COLUMNS FROM `wj_category`
SQL: SELECT * FROM `wj_category` WHERE ( isverify=1 and isshow=1 ) LIMIT 5   [ RunTime:0.000488s ]
ERR: 1146:Table 'wenjuan.wj_category' doesn't exist
 [ SQL语句 ] : SELECT * FROM `wj_category` WHERE ( isverify=1 and isshow=1 ) LIMIT 5  
SQL: SHOW COLUMNS FROM `wj_wenjuan` [ RunTime:0.004828s ]
SQL: SELECT * FROM `wj_wenjuan` WHERE ( id=24 ) LIMIT 1   [ RunTime:0.000707s ]
SQL: SHOW COLUMNS FROM `wj_wenti` [ RunTime:0.005457s ]
SQL: SELECT * FROM `wj_wenti` WHERE ( wenjuanid=24 ) ORDER BY paixu desc  [ RunTime:0.000616s ]
INFO: [ view_parse ] --START--
INFO: ParseTemplate Behavior ::run [ RunTime:0.021049s ]
INFO: [ view_parse ] --END-- [ RunTime:0.021257s ]
INFO: [ view_filter ] --START--
INFO: ContentReplace Behavior ::run [ RunTime:0.000866s ]
INFO: TokenBuild Behavior ::run [ RunTime:0.001220s ]
INFO: WriteHtmlCache Behavior ::run [ RunTime:0.000947s ]
INFO: ShowRuntime Behavior ::run [ RunTime:0.001358s ]
INFO: [ view_filter ] --END-- [ RunTime:0.004916s ]
INFO: [ view_end ] --START--
INFO: ShowPageTrace Behavior ::run [ RunTime:0.001445s ]
INFO: [ view_end ] --END-- [ RunTime:0.001634s ]

[ 2014-11-03T19:05:35+08:00 ] 0.0.0.0 /index.php/member/fabu
INFO: [ route_check ] --START--
INFO: CheckRoute Behavior ::run [ RunTime:0.001503s ]
INFO: [ route_check ] --END-- [ RunTime:0.001759s ]
INFO: [ app_begin ] --START--
INFO: ReadHtmlCache Behavior ::run [ RunTime:0.001064s ]
INFO: [ app_begin ] --END-- [ RunTime:0.001307s ]
SQL: SHOW COLUMNS FROM `wj_category` [ RunTime:0.004403s ]
ERR: 1146:Table 'wenjuan.wj_category' doesn't exist
 [ SQL语句 ] : SHOW COLUMNS FROM `wj_category`
SQL: SELECT * FROM `wj_category` WHERE ( isverify=1 and isshow=1 ) LIMIT 5   [ RunTime:0.000437s ]
ERR: 1146:Table 'wenjuan.wj_category' doesn't exist
 [ SQL语句 ] : SELECT * FROM `wj_category` WHERE ( isverify=1 and isshow=1 ) LIMIT 5  
SQL: SHOW COLUMNS FROM `wj_article` [ RunTime:0.004211s ]
ERR: 1146:Table 'wenjuan.wj_article' doesn't exist
 [ SQL语句 ] : SHOW COLUMNS FROM `wj_article`
SQL: SELECT * FROM `wj_article` WHERE ( ispush=1 and islock=0 ) ORDER BY rand() LIMIT 5   [ RunTime:0.000439s ]
ERR: 1146:Table 'wenjuan.wj_article' doesn't exist
 [ SQL语句 ] : SELECT * FROM `wj_article` WHERE ( ispush=1 and islock=0 ) ORDER BY rand() LIMIT 5  
INFO: [ view_parse ] --START--
INFO: ParseTemplate Behavior ::run [ RunTime:0.016623s ]
INFO: [ view_parse ] --END-- [ RunTime:0.016831s ]
INFO: [ view_filter ] --START--
INFO: ContentReplace Behavior ::run [ RunTime:0.000857s ]
INFO: TokenBuild Behavior ::run [ RunTime:0.000822s ]
INFO: WriteHtmlCache Behavior ::run [ RunTime:0.000712s ]
INFO: ShowRuntime Behavior ::run [ RunTime:0.001098s ]
INFO: [ view_filter ] --END-- [ RunTime:0.003960s ]
INFO: [ view_end ] --START--
INFO: ShowPageTrace Behavior ::run [ RunTime:0.001787s ]
INFO: [ view_end ] --END-- [ RunTime:0.001979s ]

[ 2014-11-03T19:05:38+08:00 ] 0.0.0.0 /index.php/index/wj
INFO: [ route_check ] --START--
INFO: CheckRoute Behavior ::run [ RunTime:0.001438s ]
INFO: [ route_check ] --END-- [ RunTime:0.001676s ]
INFO: [ app_begin ] --START--
INFO: ReadHtmlCache Behavior ::run [ RunTime:0.001614s ]
INFO: [ app_begin ] --END-- [ RunTime:0.001902s ]
SQL: SHOW COLUMNS FROM `wj_category` [ RunTime:0.004781s ]
ERR: 1146:Table 'wenjuan.wj_category' doesn't exist
 [ SQL语句 ] : SHOW COLUMNS FROM `wj_category`
SQL: SELECT * FROM `wj_category` WHERE ( isverify=1 and isshow=1 ) LIMIT 5   [ RunTime:0.000584s ]
ERR: 1146:Table 'wenjuan.wj_category' doesn't exist
 [ SQL语句 ] : SELECT * FROM `wj_category` WHERE ( isverify=1 and isshow=1 ) LIMIT 5  
SQL: SHOW COLUMNS FROM `wj_wenjuan` [ RunTime:0.005056s ]
SQL: SELECT * FROM `wj_wenjuan` ORDER BY id desc  [ RunTime:0.000641s ]
INFO: [ view_parse ] --START--
INFO: ParseTemplate Behavior ::run [ RunTime:0.019357s ]
INFO: [ view_parse ] --END-- [ RunTime:0.019582s ]
INFO: [ view_filter ] --START--
INFO: ContentReplace Behavior ::run [ RunTime:0.001562s ]
INFO: TokenBuild Behavior ::run [ RunTime:0.001437s ]
INFO: WriteHtmlCache Behavior ::run [ RunTime:0.000996s ]
INFO: ShowRuntime Behavior ::run [ RunTime:0.001171s ]
INFO: [ view_filter ] --END-- [ RunTime:0.005814s ]
INFO: [ view_end ] --START--
INFO: ShowPageTrace Behavior ::run [ RunTime:0.001285s ]
INFO: [ view_end ] --END-- [ RunTime:0.001452s ]

[ 2014-11-03T19:05:40+08:00 ] 0.0.0.0 /index.php/member/fabu
INFO: [ route_check ] --START--
INFO: CheckRoute Behavior ::run [ RunTime:0.001246s ]
INFO: [ route_check ] --END-- [ RunTime:0.001468s ]
INFO: [ app_begin ] --START--
INFO: ReadHtmlCache Behavior ::run [ RunTime:0.001162s ]
INFO: [ app_begin ] --END-- [ RunTime:0.001405s ]
SQL: SHOW COLUMNS FROM `wj_category` [ RunTime:0.004178s ]
ERR: 1146:Table 'wenjuan.wj_category' doesn't exist
 [ SQL语句 ] : SHOW COLUMNS FROM `wj_category`
SQL: SELECT * FROM `wj_category` WHERE ( isverify=1 and isshow=1 ) LIMIT 5   [ RunTime:0.000885s ]
ERR: 1146:Table 'wenjuan.wj_category' doesn't exist
 [ SQL语句 ] : SELECT * FROM `wj_category` WHERE ( isverify=1 and isshow=1 ) LIMIT 5  
SQL: SHOW COLUMNS FROM `wj_article` [ RunTime:0.004523s ]
ERR: 1146:Table 'wenjuan.wj_article' doesn't exist
 [ SQL语句 ] : SHOW COLUMNS FROM `wj_article`
SQL: SELECT * FROM `wj_article` WHERE ( ispush=1 and islock=0 ) ORDER BY rand() LIMIT 5   [ RunTime:0.001155s ]
ERR: 1146:Table 'wenjuan.wj_article' doesn't exist
 [ SQL语句 ] : SELECT * FROM `wj_article` WHERE ( ispush=1 and islock=0 ) ORDER BY rand() LIMIT 5  
INFO: [ view_parse ] --START--
INFO: ParseTemplate Behavior ::run [ RunTime:0.015600s ]
INFO: [ view_parse ] --END-- [ RunTime:0.015812s ]
INFO: [ view_filter ] --START--
INFO: ContentReplace Behavior ::run [ RunTime:0.001057s ]
INFO: TokenBuild Behavior ::run [ RunTime:0.001292s ]
INFO: WriteHtmlCache Behavior ::run [ RunTime:0.000672s ]
INFO: ShowRuntime Behavior ::run [ RunTime:0.001122s ]
INFO: [ view_filter ] --END-- [ RunTime:0.004671s ]
INFO: [ view_end ] --START--
INFO: ShowPageTrace Behavior ::run [ RunTime:0.001294s ]
INFO: [ view_end ] --END-- [ RunTime:0.001567s ]

[ 2014-11-03T19:05:48+08:00 ] 0.0.0.0 /index.php/index/wj
INFO: [ route_check ] --START--
INFO: CheckRoute Behavior ::run [ RunTime:0.001850s ]
INFO: [ route_check ] --END-- [ RunTime:0.002130s ]
INFO: [ app_begin ] --START--
INFO: ReadHtmlCache Behavior ::run [ RunTime:0.001342s ]
INFO: [ app_begin ] --END-- [ RunTime:0.001563s ]
SQL: SHOW COLUMNS FROM `wj_category` [ RunTime:0.005047s ]
ERR: 1146:Table 'wenjuan.wj_category' doesn't exist
 [ SQL语句 ] : SHOW COLUMNS FROM `wj_category`
SQL: SELECT * FROM `wj_category` WHERE ( isverify=1 and isshow=1 ) LIMIT 5   [ RunTime:0.000617s ]
ERR: 1146:Table 'wenjuan.wj_category' doesn't exist
 [ SQL语句 ] : SELECT * FROM `wj_category` WHERE ( isverify=1 and isshow=1 ) LIMIT 5  
SQL: SHOW COLUMNS FROM `wj_wenjuan` [ RunTime:0.005043s ]
SQL: SELECT * FROM `wj_wenjuan` ORDER BY id desc  [ RunTime:0.000742s ]
INFO: [ view_parse ] --START--
INFO: ParseTemplate Behavior ::run [ RunTime:0.020125s ]
INFO: [ view_parse ] --END-- [ RunTime:0.020367s ]
INFO: [ view_filter ] --START--
INFO: ContentReplace Behavior ::run [ RunTime:0.001051s ]
INFO: TokenBuild Behavior ::run [ RunTime:0.001119s ]
INFO: WriteHtmlCache Behavior ::run [ RunTime:0.000833s ]
INFO: ShowRuntime Behavior ::run [ RunTime:0.001164s ]
INFO: [ view_filter ] --END-- [ RunTime:0.004660s ]
INFO: [ view_end ] --START--
INFO: ShowPageTrace Behavior ::run [ RunTime:0.001194s ]
INFO: [ view_end ] --END-- [ RunTime:0.001367s ]

[ 2014-11-03T19:06:02+08:00 ] 0.0.0.0 /index.php/index/Wj/detials/id/24
INFO: [ route_check ] --START--
INFO: CheckRoute Behavior ::run [ RunTime:0.001245s ]
INFO: [ route_check ] --END-- [ RunTime:0.001475s ]
INFO: [ app_begin ] --START--
INFO: ReadHtmlCache Behavior ::run [ RunTime:0.001270s ]
INFO: [ app_begin ] --END-- [ RunTime:0.001531s ]
SQL: SHOW COLUMNS FROM `wj_category` [ RunTime:0.004738s ]
ERR: 1146:Table 'wenjuan.wj_category' doesn't exist
 [ SQL语句 ] : SHOW COLUMNS FROM `wj_category`
SQL: SELECT * FROM `wj_category` WHERE ( isverify=1 and isshow=1 ) LIMIT 5   [ RunTime:0.000659s ]
ERR: 1146:Table 'wenjuan.wj_category' doesn't exist
 [ SQL语句 ] : SELECT * FROM `wj_category` WHERE ( isverify=1 and isshow=1 ) LIMIT 5  
SQL: SHOW COLUMNS FROM `wj_wenjuan` [ RunTime:0.005285s ]
SQL: SELECT * FROM `wj_wenjuan` WHERE ( id=24 ) LIMIT 1   [ RunTime:0.000739s ]
SQL: SHOW COLUMNS FROM `wj_wenti` [ RunTime:0.005986s ]
SQL: SELECT * FROM `wj_wenti` WHERE ( wenjuanid=24 ) ORDER BY paixu desc  [ RunTime:0.000880s ]
INFO: [ view_parse ] --START--
INFO: ParseTemplate Behavior ::run [ RunTime:0.021692s ]
INFO: [ view_parse ] --END-- [ RunTime:0.021935s ]
INFO: [ view_filter ] --START--
INFO: ContentReplace Behavior ::run [ RunTime:0.001363s ]
INFO: TokenBuild Behavior ::run [ RunTime:0.001187s ]
INFO: WriteHtmlCache Behavior ::run [ RunTime:0.000745s ]
INFO: ShowRuntime Behavior ::run [ RunTime:0.001138s ]
INFO: [ view_filter ] --END-- [ RunTime:0.004962s ]
INFO: [ view_end ] --START--
INFO: ShowPageTrace Behavior ::run [ RunTime:0.001263s ]
INFO: [ view_end ] --END-- [ RunTime:0.001430s ]

[ 2014-11-03T19:06:11+08:00 ] 0.0.0.0 /index.php/index/Wj/detials/id/23
INFO: [ route_check ] --START--
INFO: CheckRoute Behavior ::run [ RunTime:0.001525s ]
INFO: [ route_check ] --END-- [ RunTime:0.001776s ]
INFO: [ app_begin ] --START--
INFO: ReadHtmlCache Behavior ::run [ RunTime:0.001030s ]
INFO: [ app_begin ] --END-- [ RunTime:0.001259s ]
SQL: SHOW COLUMNS FROM `wj_category` [ RunTime:0.005224s ]
ERR: 1146:Table 'wenjuan.wj_category' doesn't exist
 [ SQL语句 ] : SHOW COLUMNS FROM `wj_category`
SQL: SELECT * FROM `wj_category` WHERE ( isverify=1 and isshow=1 ) LIMIT 5   [ RunTime:0.000845s ]
ERR: 1146:Table 'wenjuan.wj_category' doesn't exist
 [ SQL语句 ] : SELECT * FROM `wj_category` WHERE ( isverify=1 and isshow=1 ) LIMIT 5  
SQL: SHOW COLUMNS FROM `wj_wenjuan` [ RunTime:0.004965s ]
SQL: SELECT * FROM `wj_wenjuan` WHERE ( id=23 ) LIMIT 1   [ RunTime:0.000755s ]
SQL: SHOW COLUMNS FROM `wj_wenti` [ RunTime:0.005682s ]
SQL: SELECT * FROM `wj_wenti` WHERE ( wenjuanid=23 ) ORDER BY paixu desc  [ RunTime:0.000742s ]
INFO: [ view_parse ] --START--
INFO: ParseTemplate Behavior ::run [ RunTime:0.018630s ]
INFO: [ view_parse ] --END-- [ RunTime:0.018848s ]
INFO: [ view_filter ] --START--
INFO: ContentReplace Behavior ::run [ RunTime:0.001304s ]
INFO: TokenBuild Behavior ::run [ RunTime:0.001068s ]
INFO: WriteHtmlCache Behavior ::run [ RunTime:0.000613s ]
INFO: ShowRuntime Behavior ::run [ RunTime:0.000848s ]
INFO: [ view_filter ] --END-- [ RunTime:0.004404s ]
INFO: [ view_end ] --START--
INFO: ShowPageTrace Behavior ::run [ RunTime:0.001446s ]
INFO: [ view_end ] --END-- [ RunTime:0.001682s ]

[ 2014-11-03T19:06:14+08:00 ] 0.0.0.0 /index.php/index/Wj/detials/id/22
INFO: [ route_check ] --START--
INFO: CheckRoute Behavior ::run [ RunTime:0.001011s ]
INFO: [ route_check ] --END-- [ RunTime:0.001259s ]
INFO: [ app_begin ] --START--
INFO: ReadHtmlCache Behavior ::run [ RunTime:0.000963s ]
INFO: [ app_begin ] --END-- [ RunTime:0.001194s ]
SQL: SHOW COLUMNS FROM `wj_category` [ RunTime:0.004539s ]
ERR: 1146:Table 'wenjuan.wj_category' doesn't exist
 [ SQL语句 ] : SHOW COLUMNS FROM `wj_category`
SQL: SELECT * FROM `wj_category` WHERE ( isverify=1 and isshow=1 ) LIMIT 5   [ RunTime:0.000922s ]
ERR: 1146:Table 'wenjuan.wj_category' doesn't exist
 [ SQL语句 ] : SELECT * FROM `wj_category` WHERE ( isverify=1 and isshow=1 ) LIMIT 5  
SQL: SHOW COLUMNS FROM `wj_wenjuan` [ RunTime:0.005223s ]
SQL: SELECT * FROM `wj_wenjuan` WHERE ( id=22 ) LIMIT 1   [ RunTime:0.000727s ]
SQL: SHOW COLUMNS FROM `wj_wenti` [ RunTime:0.005164s ]
SQL: SELECT * FROM `wj_wenti` WHERE ( wenjuanid=22 ) ORDER BY paixu desc  [ RunTime:0.000852s ]
INFO: [ view_parse ] --START--
INFO: ParseTemplate Behavior ::run [ RunTime:0.017107s ]
INFO: [ view_parse ] --END-- [ RunTime:0.017315s ]
INFO: [ view_filter ] --START--
INFO: ContentReplace Behavior ::run [ RunTime:0.000785s ]
INFO: TokenBuild Behavior ::run [ RunTime:0.000692s ]
INFO: WriteHtmlCache Behavior ::run [ RunTime:0.000426s ]
INFO: ShowRuntime Behavior ::run [ RunTime:0.000705s ]
INFO: [ view_filter ] --END-- [ RunTime:0.003087s ]
INFO: [ view_end ] --START--
INFO: ShowPageTrace Behavior ::run [ RunTime:0.000791s ]
INFO: [ view_end ] --END-- [ RunTime:0.000938s ]

[ 2014-11-03T19:06:17+08:00 ] 0.0.0.0 /index.php/index/Wj/detials/id/20
INFO: [ route_check ] --START--
INFO: CheckRoute Behavior ::run [ RunTime:0.001328s ]
INFO: [ route_check ] --END-- [ RunTime:0.001608s ]
INFO: [ app_begin ] --START--
INFO: ReadHtmlCache Behavior ::run [ RunTime:0.000944s ]
INFO: [ app_begin ] --END-- [ RunTime:0.001138s ]
SQL: SHOW COLUMNS FROM `wj_category` [ RunTime:0.004359s ]
ERR: 1146:Table 'wenjuan.wj_category' doesn't exist
 [ SQL语句 ] : SHOW COLUMNS FROM `wj_category`
SQL: SELECT * FROM `wj_category` WHERE ( isverify=1 and isshow=1 ) LIMIT 5   [ RunTime:0.000440s ]
ERR: 1146:Table 'wenjuan.wj_category' doesn't exist
 [ SQL语句 ] : SELECT * FROM `wj_category` WHERE ( isverify=1 and isshow=1 ) LIMIT 5  
SQL: SHOW COLUMNS FROM `wj_wenjuan` [ RunTime:0.004942s ]
SQL: SELECT * FROM `wj_wenjuan` WHERE ( id=20 ) LIMIT 1   [ RunTime:0.000735s ]
SQL: SHOW COLUMNS FROM `wj_wenti` [ RunTime:0.005395s ]
SQL: SELECT * FROM `wj_wenti` WHERE ( wenjuanid=20 ) ORDER BY paixu desc  [ RunTime:0.000836s ]
INFO: [ view_parse ] --START--
INFO: ParseTemplate Behavior ::run [ RunTime:0.017772s ]
INFO: [ view_parse ] --END-- [ RunTime:0.017981s ]
INFO: [ view_filter ] --START--
INFO: ContentReplace Behavior ::run [ RunTime:0.000789s ]
INFO: TokenBuild Behavior ::run [ RunTime:0.000804s ]
INFO: WriteHtmlCache Behavior ::run [ RunTime:0.000606s ]
INFO: ShowRuntime Behavior ::run [ RunTime:0.001202s ]
INFO: [ view_filter ] --END-- [ RunTime:0.004072s ]
INFO: [ view_end ] --START--
INFO: ShowPageTrace Behavior ::run [ RunTime:0.001187s ]
INFO: [ view_end ] --END-- [ RunTime:0.001362s ]

[ 2014-11-03T19:06:39+08:00 ] 0.0.0.0 /index.php/member/fabu
INFO: [ route_check ] --START--
INFO: CheckRoute Behavior ::run [ RunTime:0.001635s ]
INFO: [ route_check ] --END-- [ RunTime:0.001900s ]
INFO: [ app_begin ] --START--
INFO: ReadHtmlCache Behavior ::run [ RunTime:0.001382s ]
INFO: [ app_begin ] --END-- [ RunTime:0.001612s ]
SQL: SHOW COLUMNS FROM `wj_category` [ RunTime:0.004243s ]
ERR: 1146:Table 'wenjuan.wj_category' doesn't exist
 [ SQL语句 ] : SHOW COLUMNS FROM `wj_category`
SQL: SELECT * FROM `wj_category` WHERE ( isverify=1 and isshow=1 ) LIMIT 5   [ RunTime:0.000499s ]
ERR: 1146:Table 'wenjuan.wj_category' doesn't exist
 [ SQL语句 ] : SELECT * FROM `wj_category` WHERE ( isverify=1 and isshow=1 ) LIMIT 5  
SQL: SHOW COLUMNS FROM `wj_article` [ RunTime:0.004212s ]
ERR: 1146:Table 'wenjuan.wj_article' doesn't exist
 [ SQL语句 ] : SHOW COLUMNS FROM `wj_article`
SQL: SELECT * FROM `wj_article` WHERE ( ispush=1 and islock=0 ) ORDER BY rand() LIMIT 5   [ RunTime:0.000598s ]
ERR: 1146:Table 'wenjuan.wj_article' doesn't exist
 [ SQL语句 ] : SELECT * FROM `wj_article` WHERE ( ispush=1 and islock=0 ) ORDER BY rand() LIMIT 5  
INFO: [ view_parse ] --START--
INFO: ParseTemplate Behavior ::run [ RunTime:0.016499s ]
INFO: [ view_parse ] --END-- [ RunTime:0.016703s ]
INFO: [ view_filter ] --START--
INFO: ContentReplace Behavior ::run [ RunTime:0.001026s ]
INFO: TokenBuild Behavior ::run [ RunTime:0.001154s ]
INFO: WriteHtmlCache Behavior ::run [ RunTime:0.000923s ]
INFO: ShowRuntime Behavior ::run [ RunTime:0.001524s ]
INFO: [ view_filter ] --END-- [ RunTime:0.005147s ]
INFO: [ view_end ] --START--
INFO: ShowPageTrace Behavior ::run [ RunTime:0.001424s ]
INFO: [ view_end ] --END-- [ RunTime:0.001572s ]

[ 2014-11-03T19:07:09+08:00 ] 0.0.0.0 /index.php/member/fabu/add.html
INFO: [ route_check ] --START--
INFO: CheckRoute Behavior ::run [ RunTime:0.002084s ]
INFO: [ route_check ] --END-- [ RunTime:0.002398s ]
INFO: [ app_begin ] --START--
INFO: ReadHtmlCache Behavior ::run [ RunTime:0.001442s ]
INFO: [ app_begin ] --END-- [ RunTime:0.001672s ]
SQL: SHOW COLUMNS FROM `wj_category` [ RunTime:0.004543s ]
ERR: 1146:Table 'wenjuan.wj_category' doesn't exist
 [ SQL语句 ] : SHOW COLUMNS FROM `wj_category`
SQL: SELECT * FROM `wj_category` WHERE ( isverify=1 and isshow=1 ) LIMIT 5   [ RunTime:0.000641s ]
ERR: 1146:Table 'wenjuan.wj_category' doesn't exist
 [ SQL语句 ] : SELECT * FROM `wj_category` WHERE ( isverify=1 and isshow=1 ) LIMIT 5  
SQL: SHOW COLUMNS FROM `wj_article` [ RunTime:0.005011s ]
ERR: 1146:Table 'wenjuan.wj_article' doesn't exist
 [ SQL语句 ] : SHOW COLUMNS FROM `wj_article`
SQL: SELECT * FROM `wj_article` WHERE ( ispush=1 and islock=0 ) ORDER BY rand() LIMIT 5   [ RunTime:0.001043s ]
ERR: 1146:Table 'wenjuan.wj_article' doesn't exist
 [ SQL语句 ] : SELECT * FROM `wj_article` WHERE ( ispush=1 and islock=0 ) ORDER BY rand() LIMIT 5  
SQL: SHOW COLUMNS FROM `wj_wenjuan` [ RunTime:0.005776s ]
SQL: INSERT INTO `wj_wenjuan` (`name`,`fbr`,`fbrid`) VALUES ('123','wang',5) [ RunTime:0.111212s ]

[ 2014-11-03T19:07:10+08:00 ] 0.0.0.0 /index.php/member/fabu/second/id/25.html
INFO: [ route_check ] --START--
INFO: CheckRoute Behavior ::run [ RunTime:0.001342s ]
INFO: [ route_check ] --END-- [ RunTime:0.001756s ]
INFO: [ app_begin ] --START--
INFO: ReadHtmlCache Behavior ::run [ RunTime:0.001547s ]
INFO: [ app_begin ] --END-- [ RunTime:0.001776s ]
SQL: SHOW COLUMNS FROM `wj_category` [ RunTime:0.004749s ]
ERR: 1146:Table 'wenjuan.wj_category' doesn't exist
 [ SQL语句 ] : SHOW COLUMNS FROM `wj_category`
SQL: SELECT * FROM `wj_category` WHERE ( isverify=1 and isshow=1 ) LIMIT 5   [ RunTime:0.000820s ]
ERR: 1146:Table 'wenjuan.wj_category' doesn't exist
 [ SQL语句 ] : SELECT * FROM `wj_category` WHERE ( isverify=1 and isshow=1 ) LIMIT 5  
SQL: SHOW COLUMNS FROM `wj_article` [ RunTime:0.004517s ]
ERR: 1146:Table 'wenjuan.wj_article' doesn't exist
 [ SQL语句 ] : SHOW COLUMNS FROM `wj_article`
SQL: SELECT * FROM `wj_article` WHERE ( ispush=1 and islock=0 ) ORDER BY rand() LIMIT 5   [ RunTime:0.000719s ]
ERR: 1146:Table 'wenjuan.wj_article' doesn't exist
 [ SQL语句 ] : SELECT * FROM `wj_article` WHERE ( ispush=1 and islock=0 ) ORDER BY rand() LIMIT 5  
SQL: SHOW COLUMNS FROM `wj_wenjuan` [ RunTime:0.005170s ]
SQL: SELECT * FROM `wj_wenjuan` WHERE ( id = 25 ) LIMIT 1   [ RunTime:0.000648s ]
SQL: SELECT * FROM `wj_wenjuan` WHERE ( id=25 ) LIMIT 1   [ RunTime:0.000636s ]
SQL: SHOW COLUMNS FROM `wj_wenti` [ RunTime:0.005195s ]
SQL: SELECT * FROM `wj_wenti` WHERE ( wenjuanid=25 ) ORDER BY paixu desc  [ RunTime:0.000636s ]
INFO: [ view_parse ] --START--
NOTIC: [2] file_get_contents(./App/Modules/Member/Tpl/default/Public/footer.html) [<a href='function.file-get-contents'>function.file-get-contents</a>]: failed to open stream: No such file or directory E:\wamp\www\ThinkPHP\Lib\Template\ThinkTemplate.class.php 第 695 行.
INFO: ParseTemplate Behavior ::run [ RunTime:0.023414s ]
INFO: [ view_parse ] --END-- [ RunTime:0.023668s ]
INFO: [ view_filter ] --START--
INFO: ContentReplace Behavior ::run [ RunTime:0.001179s ]
INFO: TokenBuild Behavior ::run [ RunTime:0.001098s ]
INFO: WriteHtmlCache Behavior ::run [ RunTime:0.000877s ]
INFO: ShowRuntime Behavior ::run [ RunTime:0.001247s ]
INFO: [ view_filter ] --END-- [ RunTime:0.004951s ]
INFO: [ view_end ] --START--
INFO: ShowPageTrace Behavior ::run [ RunTime:0.001809s ]
INFO: [ view_end ] --END-- [ RunTime:0.002076s ]

[ 2014-11-03T19:07:59+08:00 ] 0.0.0.0 /index.php/index/wj
INFO: [ route_check ] --START--
INFO: CheckRoute Behavior ::run [ RunTime:0.002127s ]
INFO: [ route_check ] --END-- [ RunTime:0.002381s ]
INFO: [ app_begin ] --START--
INFO: ReadHtmlCache Behavior ::run [ RunTime:0.001419s ]
INFO: [ app_begin ] --END-- [ RunTime:0.001668s ]
SQL: SHOW COLUMNS FROM `wj_category` [ RunTime:0.004935s ]
ERR: 1146:Table 'wenjuan.wj_category' doesn't exist
 [ SQL语句 ] : SHOW COLUMNS FROM `wj_category`
SQL: SELECT * FROM `wj_category` WHERE ( isverify=1 and isshow=1 ) LIMIT 5   [ RunTime:0.000833s ]
ERR: 1146:Table 'wenjuan.wj_category' doesn't exist
 [ SQL语句 ] : SELECT * FROM `wj_category` WHERE ( isverify=1 and isshow=1 ) LIMIT 5  
SQL: SHOW COLUMNS FROM `wj_wenjuan` [ RunTime:0.005208s ]
SQL: SELECT * FROM `wj_wenjuan` ORDER BY id desc  [ RunTime:0.000522s ]
INFO: [ view_parse ] --START--
INFO: ParseTemplate Behavior ::run [ RunTime:0.019333s ]
INFO: [ view_parse ] --END-- [ RunTime:0.019588s ]
INFO: [ view_filter ] --START--
INFO: ContentReplace Behavior ::run [ RunTime:0.001700s ]
INFO: TokenBuild Behavior ::run [ RunTime:0.001207s ]
INFO: WriteHtmlCache Behavior ::run [ RunTime:0.000861s ]
INFO: ShowRuntime Behavior ::run [ RunTime:0.001299s ]
INFO: [ view_filter ] --END-- [ RunTime:0.005644s ]
INFO: [ view_end ] --START--
INFO: ShowPageTrace Behavior ::run [ RunTime:0.001634s ]
INFO: [ view_end ] --END-- [ RunTime:0.001843s ]

[ 2014-11-03T19:08:04+08:00 ] 0.0.0.0 /index.php/index/Wj/detials/id/25
INFO: [ route_check ] --START--
INFO: CheckRoute Behavior ::run [ RunTime:0.001604s ]
INFO: [ route_check ] --END-- [ RunTime:0.001853s ]
INFO: [ app_begin ] --START--
INFO: ReadHtmlCache Behavior ::run [ RunTime:0.001441s ]
INFO: [ app_begin ] --END-- [ RunTime:0.001681s ]
SQL: SHOW COLUMNS FROM `wj_category` [ RunTime:0.004406s ]
ERR: 1146:Table 'wenjuan.wj_category' doesn't exist
 [ SQL语句 ] : SHOW COLUMNS FROM `wj_category`
SQL: SELECT * FROM `wj_category` WHERE ( isverify=1 and isshow=1 ) LIMIT 5   [ RunTime:0.000652s ]
ERR: 1146:Table 'wenjuan.wj_category' doesn't exist
 [ SQL语句 ] : SELECT * FROM `wj_category` WHERE ( isverify=1 and isshow=1 ) LIMIT 5  
SQL: SHOW COLUMNS FROM `wj_wenjuan` [ RunTime:0.005336s ]
SQL: SELECT * FROM `wj_wenjuan` WHERE ( id=25 ) LIMIT 1   [ RunTime:0.000696s ]
SQL: SHOW COLUMNS FROM `wj_wenti` [ RunTime:0.005398s ]
SQL: SELECT * FROM `wj_wenti` WHERE ( wenjuanid=25 ) ORDER BY paixu desc  [ RunTime:0.000869s ]
INFO: [ view_parse ] --START--
INFO: ParseTemplate Behavior ::run [ RunTime:0.021130s ]
INFO: [ view_parse ] --END-- [ RunTime:0.021326s ]
INFO: [ view_filter ] --START--
INFO: ContentReplace Behavior ::run [ RunTime:0.001176s ]
INFO: TokenBuild Behavior ::run [ RunTime:0.001089s ]
INFO: WriteHtmlCache Behavior ::run [ RunTime:0.000865s ]
INFO: ShowRuntime Behavior ::run [ RunTime:0.001246s ]
INFO: [ view_filter ] --END-- [ RunTime:0.004875s ]
INFO: [ view_end ] --START--
INFO: ShowPageTrace Behavior ::run [ RunTime:0.001362s ]
INFO: [ view_end ] --END-- [ RunTime:0.001540s ]

[ 2014-11-03T19:08:09+08:00 ] 0.0.0.0 /index.php/index/wj
INFO: [ route_check ] --START--
INFO: CheckRoute Behavior ::run [ RunTime:0.001583s ]
INFO: [ route_check ] --END-- [ RunTime:0.001831s ]
INFO: [ app_begin ] --START--
INFO: ReadHtmlCache Behavior ::run [ RunTime:0.001620s ]
INFO: [ app_begin ] --END-- [ RunTime:0.001870s ]
SQL: SHOW COLUMNS FROM `wj_category` [ RunTime:0.004180s ]
ERR: 1146:Table 'wenjuan.wj_category' doesn't exist
 [ SQL语句 ] : SHOW COLUMNS FROM `wj_category`
SQL: SELECT * FROM `wj_category` WHERE ( isverify=1 and isshow=1 ) LIMIT 5   [ RunTime:0.000814s ]
ERR: 1146:Table 'wenjuan.wj_category' doesn't exist
 [ SQL语句 ] : SELECT * FROM `wj_category` WHERE ( isverify=1 and isshow=1 ) LIMIT 5  
SQL: SHOW COLUMNS FROM `wj_wenjuan` [ RunTime:0.004997s ]
SQL: SELECT * FROM `wj_wenjuan` ORDER BY id desc  [ RunTime:0.000615s ]
INFO: [ view_parse ] --START--
INFO: ParseTemplate Behavior ::run [ RunTime:0.019599s ]
INFO: [ view_parse ] --END-- [ RunTime:0.019844s ]
INFO: [ view_filter ] --START--
INFO: ContentReplace Behavior ::run [ RunTime:0.001139s ]
INFO: TokenBuild Behavior ::run [ RunTime:0.001155s ]
INFO: WriteHtmlCache Behavior ::run [ RunTime:0.000946s ]
INFO: ShowRuntime Behavior ::run [ RunTime:0.001833s ]
INFO: [ view_filter ] --END-- [ RunTime:0.005558s ]
INFO: [ view_end ] --START--
INFO: ShowPageTrace Behavior ::run [ RunTime:0.001610s ]
INFO: [ view_end ] --END-- [ RunTime:0.001834s ]

[ 2014-11-03T19:08:14+08:00 ] 0.0.0.0 /
INFO: [ app_begin ] --START--
INFO: ReadHtmlCache Behavior ::run [ RunTime:0.001308s ]
INFO: [ app_begin ] --END-- [ RunTime:0.001545s ]
SQL: SHOW COLUMNS FROM `wj_category` [ RunTime:0.004183s ]
ERR: 1146:Table 'wenjuan.wj_category' doesn't exist
 [ SQL语句 ] : SHOW COLUMNS FROM `wj_category`
SQL: SELECT * FROM `wj_category` WHERE ( isverify=1 and isshow=1 ) LIMIT 5   [ RunTime:0.000543s ]
ERR: 1146:Table 'wenjuan.wj_category' doesn't exist
 [ SQL语句 ] : SELECT * FROM `wj_category` WHERE ( isverify=1 and isshow=1 ) LIMIT 5  
SQL: SHOW COLUMNS FROM `wj_huafei` [ RunTime:0.004657s ]
ERR: 1146:Table 'wenjuan.wj_huafei' doesn't exist
 [ SQL语句 ] : SHOW COLUMNS FROM `wj_huafei`
SQL: SELECT * FROM `wj_huafei` WHERE ( yys='移动' ) ORDER BY id desc  [ RunTime:0.000713s ]
ERR: 1146:Table 'wenjuan.wj_huafei' doesn't exist
 [ SQL语句 ] : SELECT * FROM `wj_huafei` WHERE ( yys='移动' ) ORDER BY id desc 
SQL: SELECT * FROM `wj_huafei` WHERE ( yys='联通' ) ORDER BY id desc  [ RunTime:0.000650s ]
ERR: 1146:Table 'wenjuan.wj_huafei' doesn't exist
 [ SQL语句 ] : SELECT * FROM `wj_huafei` WHERE ( yys='联通' ) ORDER BY id desc 
SQL: SELECT * FROM `wj_huafei` WHERE ( yys='电信' ) ORDER BY id desc  [ RunTime:0.000855s ]
ERR: 1146:Table 'wenjuan.wj_huafei' doesn't exist
 [ SQL语句 ] : SELECT * FROM `wj_huafei` WHERE ( yys='电信' ) ORDER BY id desc 
INFO: [ view_parse ] --START--
INFO: ParseTemplate Behavior ::run [ RunTime:0.015516s ]
INFO: [ view_parse ] --END-- [ RunTime:0.015731s ]
INFO: [ view_filter ] --START--
INFO: ContentReplace Behavior ::run [ RunTime:0.001066s ]
INFO: TokenBuild Behavior ::run [ RunTime:0.001074s ]
INFO: WriteHtmlCache Behavior ::run [ RunTime:0.000864s ]
INFO: ShowRuntime Behavior ::run [ RunTime:0.001239s ]
INFO: [ view_filter ] --END-- [ RunTime:0.004731s ]
INFO: [ view_end ] --START--
INFO: ShowPageTrace Behavior ::run [ RunTime:0.001614s ]
INFO: [ view_end ] --END-- [ RunTime:0.001829s ]

[ 2014-11-03T19:08:14+08:00 ] 0.0.0.0 /index.php/index/wj
INFO: [ route_check ] --START--
INFO: CheckRoute Behavior ::run [ RunTime:0.001707s ]
INFO: [ route_check ] --END-- [ RunTime:0.001950s ]
INFO: [ app_begin ] --START--
INFO: ReadHtmlCache Behavior ::run [ RunTime:0.001685s ]
INFO: [ app_begin ] --END-- [ RunTime:0.001943s ]
SQL: SHOW COLUMNS FROM `wj_category` [ RunTime:0.005139s ]
ERR: 1146:Table 'wenjuan.wj_category' doesn't exist
 [ SQL语句 ] : SHOW COLUMNS FROM `wj_category`
SQL: SELECT * FROM `wj_category` WHERE ( isverify=1 and isshow=1 ) LIMIT 5   [ RunTime:0.000668s ]
ERR: 1146:Table 'wenjuan.wj_category' doesn't exist
 [ SQL语句 ] : SELECT * FROM `wj_category` WHERE ( isverify=1 and isshow=1 ) LIMIT 5  
SQL: SHOW COLUMNS FROM `wj_wenjuan` [ RunTime:0.005660s ]
SQL: SELECT * FROM `wj_wenjuan` ORDER BY id desc  [ RunTime:0.000521s ]
INFO: [ view_parse ] --START--
INFO: ParseTemplate Behavior ::run [ RunTime:0.021304s ]
INFO: [ view_parse ] --END-- [ RunTime:0.021556s ]
INFO: [ view_filter ] --START--
INFO: ContentReplace Behavior ::run [ RunTime:0.001198s ]
INFO: TokenBuild Behavior ::run [ RunTime:0.001036s ]
INFO: WriteHtmlCache Behavior ::run [ RunTime:0.000851s ]
INFO: ShowRuntime Behavior ::run [ RunTime:0.001280s ]
INFO: [ view_filter ] --END-- [ RunTime:0.004844s ]
INFO: [ view_end ] --START--
INFO: ShowPageTrace Behavior ::run [ RunTime:0.001394s ]
INFO: [ view_end ] --END-- [ RunTime:0.001575s ]

[ 2014-11-03T19:08:17+08:00 ] 0.0.0.0 /index.php/member/fabu
INFO: [ route_check ] --START--
INFO: CheckRoute Behavior ::run [ RunTime:0.001657s ]
INFO: [ route_check ] --END-- [ RunTime:0.001888s ]
INFO: [ app_begin ] --START--
INFO: ReadHtmlCache Behavior ::run [ RunTime:0.001442s ]
INFO: [ app_begin ] --END-- [ RunTime:0.001699s ]
SQL: SHOW COLUMNS FROM `wj_category` [ RunTime:0.004187s ]
ERR: 1146:Table 'wenjuan.wj_category' doesn't exist
 [ SQL语句 ] : SHOW COLUMNS FROM `wj_category`
SQL: SELECT * FROM `wj_category` WHERE ( isverify=1 and isshow=1 ) LIMIT 5   [ RunTime:0.000844s ]
ERR: 1146:Table 'wenjuan.wj_category' doesn't exist
 [ SQL语句 ] : SELECT * FROM `wj_category` WHERE ( isverify=1 and isshow=1 ) LIMIT 5  
SQL: SHOW COLUMNS FROM `wj_article` [ RunTime:0.004751s ]
ERR: 1146:Table 'wenjuan.wj_article' doesn't exist
 [ SQL语句 ] : SHOW COLUMNS FROM `wj_article`
SQL: SELECT * FROM `wj_article` WHERE ( ispush=1 and islock=0 ) ORDER BY rand() LIMIT 5   [ RunTime:0.000834s ]
ERR: 1146:Table 'wenjuan.wj_article' doesn't exist
 [ SQL语句 ] : SELECT * FROM `wj_article` WHERE ( ispush=1 and islock=0 ) ORDER BY rand() LIMIT 5  
INFO: [ view_parse ] --START--
INFO: ParseTemplate Behavior ::run [ RunTime:0.016454s ]
INFO: [ view_parse ] --END-- [ RunTime:0.016661s ]
INFO: [ view_filter ] --START--
INFO: ContentReplace Behavior ::run [ RunTime:0.001173s ]
INFO: TokenBuild Behavior ::run [ RunTime:0.001148s ]
INFO: WriteHtmlCache Behavior ::run [ RunTime:0.000850s ]
INFO: ShowRuntime Behavior ::run [ RunTime:0.001255s ]
INFO: [ view_filter ] --END-- [ RunTime:0.004920s ]
INFO: [ view_end ] --START--
INFO: ShowPageTrace Behavior ::run [ RunTime:0.001367s ]
INFO: [ view_end ] --END-- [ RunTime:0.001529s ]

[ 2014-11-03T19:08:20+08:00 ] 0.0.0.0 /index.php/index/wj
INFO: [ route_check ] --START--
INFO: CheckRoute Behavior ::run [ RunTime:0.001903s ]
INFO: [ route_check ] --END-- [ RunTime:0.002164s ]
INFO: [ app_begin ] --START--
INFO: ReadHtmlCache Behavior ::run [ RunTime:0.001546s ]
INFO: [ app_begin ] --END-- [ RunTime:0.001833s ]
SQL: SHOW COLUMNS FROM `wj_category` [ RunTime:0.005070s ]
ERR: 1146:Table 'wenjuan.wj_category' doesn't exist
 [ SQL语句 ] : SHOW COLUMNS FROM `wj_category`
SQL: SELECT * FROM `wj_category` WHERE ( isverify=1 and isshow=1 ) LIMIT 5   [ RunTime:0.000698s ]
ERR: 1146:Table 'wenjuan.wj_category' doesn't exist
 [ SQL语句 ] : SELECT * FROM `wj_category` WHERE ( isverify=1 and isshow=1 ) LIMIT 5  
SQL: SHOW COLUMNS FROM `wj_wenjuan` [ RunTime:0.005292s ]
SQL: SELECT * FROM `wj_wenjuan` ORDER BY id desc  [ RunTime:0.000716s ]
INFO: [ view_parse ] --START--
INFO: ParseTemplate Behavior ::run [ RunTime:0.019831s ]
INFO: [ view_parse ] --END-- [ RunTime:0.020087s ]
INFO: [ view_filter ] --START--
INFO: ContentReplace Behavior ::run [ RunTime:0.001503s ]
INFO: TokenBuild Behavior ::run [ RunTime:0.001481s ]
INFO: WriteHtmlCache Behavior ::run [ RunTime:0.001036s ]
INFO: ShowRuntime Behavior ::run [ RunTime:0.001349s ]
INFO: [ view_filter ] --END-- [ RunTime:0.005984s ]
INFO: [ view_end ] --START--
INFO: ShowPageTrace Behavior ::run [ RunTime:0.001870s ]
INFO: [ view_end ] --END-- [ RunTime:0.002122s ]

